C:\develop\console_check_dongle\console_check_dongle\Debug\cl.command.1.tlog
C:\develop\console_check_dongle\console_check_dongle\Debug\CL.read.1.tlog
C:\develop\console_check_dongle\console_check_dongle\Debug\CL.write.1.tlog
C:\DEVELOP\CONSOLE_CHECK_DONGLE\CONSOLE_CHECK_DONGLE\DEBUG\CONSOLE_CHECK_DONGLE.EXE.EMBED.MANIFEST
C:\DEVELOP\CONSOLE_CHECK_DONGLE\CONSOLE_CHECK_DONGLE\DEBUG\CONSOLE_CHECK_DONGLE.EXE.EMBED.MANIFEST.RES
C:\DEVELOP\CONSOLE_CHECK_DONGLE\CONSOLE_CHECK_DONGLE\DEBUG\CONSOLE_CHECK_DONGLE.EXE.INTERMEDIATE.MANIFEST
C:\DEVELOP\CONSOLE_CHECK_DONGLE\CONSOLE_CHECK_DONGLE\DEBUG\CONSOLE_CHECK_DONGLE.OBJ
C:\DEVELOP\CONSOLE_CHECK_DONGLE\CONSOLE_CHECK_DONGLE\DEBUG\CONSOLE_CHECK_DONGLE.PCH
C:\develop\console_check_dongle\console_check_dongle\Debug\console_check_dongle_manifest.rc
C:\develop\console_check_dongle\console_check_dongle\Debug\link.2576.read.1.tlog
C:\develop\console_check_dongle\console_check_dongle\Debug\link.2576.write.1.tlog
C:\develop\console_check_dongle\console_check_dongle\Debug\link.2576-cvtres.read.1.tlog
C:\develop\console_check_dongle\console_check_dongle\Debug\link.2576-cvtres.write.1.tlog
C:\develop\console_check_dongle\console_check_dongle\Debug\link.command.1.tlog
C:\develop\console_check_dongle\console_check_dongle\Debug\link.read.1.tlog
C:\develop\console_check_dongle\console_check_dongle\Debug\link.write.1.tlog
C:\develop\console_check_dongle\console_check_dongle\Debug\link-cvtres.read.1.tlog
C:\develop\console_check_dongle\console_check_dongle\Debug\link-cvtres.write.1.tlog
C:\develop\console_check_dongle\console_check_dongle\Debug\mt.command.1.tlog
C:\develop\console_check_dongle\console_check_dongle\Debug\mt.read.1.tlog
C:\develop\console_check_dongle\console_check_dongle\Debug\mt.write.1.tlog
C:\develop\console_check_dongle\console_check_dongle\Debug\rc.command.1.tlog
C:\develop\console_check_dongle\console_check_dongle\Debug\rc.read.1.tlog
C:\develop\console_check_dongle\console_check_dongle\Debug\rc.write.1.tlog
C:\DEVELOP\CONSOLE_CHECK_DONGLE\CONSOLE_CHECK_DONGLE\DEBUG\STDAFX.OBJ
C:\develop\console_check_dongle\console_check_dongle\Debug\vc100.idb
C:\DEVELOP\CONSOLE_CHECK_DONGLE\CONSOLE_CHECK_DONGLE\DEBUG\VC100.PDB
C:\DEVELOP\CONSOLE_CHECK_DONGLE\DEBUG\CONSOLE_CHECK_DONGLE.EXE
C:\DEVELOP\CONSOLE_CHECK_DONGLE\DEBUG\CONSOLE_CHECK_DONGLE.ILK
C:\DEVELOP\CONSOLE_CHECK_DONGLE\DEBUG\CONSOLE_CHECK_DONGLE.PDB
